2022-05-09-16:03:26 - Starting Sprint2Application using Java 17.0.2 on DHARANI with PID 24500 (C:\Users\hp\OneDrive\Desktop\SpringBootApps\Sprint2\target\classes started by hp in C:\Users\hp\OneDrive\Desktop\SpringBootApps\Sprint2)
2022-05-09-16:03:26 - No active profile set, falling back to default profiles: default
2022-05-09-16:03:26 - Devtools property defaults active! Set 'spring.devtools.add-properties' to 'false' to disable
2022-05-09-16:03:26 - For additional web related logging consider setting the 'logging.level.web' property to 'DEBUG'
2022-05-09-16:03:28 - Bootstrapping Spring Data JPA repositories in DEFAULT mode.
2022-05-09-16:03:28 - Finished Spring Data repository scanning in 153 ms. Found 6 JPA repository interfaces.
2022-05-09-16:03:29 - Tomcat initialized with port(s): 8623 (http)
2022-05-09-16:03:29 - Starting service [Tomcat]
2022-05-09-16:03:29 - Starting Servlet engine: [Apache Tomcat/9.0.48]
2022-05-09-16:03:29 - At least one JAR was scanned for TLDs yet contained no TLDs. Enable debug logging for this logger for a complete list of JARs that were scanned but no TLDs were found in them. Skipping unneeded JARs during scanning can improve startup time and JSP compilation time.
2022-05-09-16:03:29 - Initializing Spring embedded WebApplicationContext
2022-05-09-16:03:29 - Root WebApplicationContext: initialization completed in 2968 ms
2022-05-09-16:03:30 - HHH000204: Processing PersistenceUnitInfo [name: default]
2022-05-09-16:03:30 - HHH000412: Hibernate ORM core version 5.4.32.Final
2022-05-09-16:03:30 - HCANN000001: Hibernate Commons Annotations {5.1.2.Final}
2022-05-09-16:03:30 - HikariPool-1 - Starting...
2022-05-09-16:03:33 - HikariPool-1 - Exception during pool initialization.
org.postgresql.util.PSQLException: The connection attempt failed.
	at org.postgresql.core.v3.ConnectionFactoryImpl.openConnectionImpl(ConnectionFactoryImpl.java:315)
	at org.postgresql.core.ConnectionFactory.openConnection(ConnectionFactory.java:51)
	at org.postgresql.jdbc.PgConnection.<init>(PgConnection.java:223)
	at org.postgresql.Driver.makeConnection(Driver.java:465)
	at org.postgresql.Driver.connect(Driver.java:264)
	at com.zaxxer.hikari.util.DriverDataSource.getConnection(DriverDataSource.java:138)
	at com.zaxxer.hikari.pool.PoolBase.newConnection(PoolBase.java:364)
	at com.zaxxer.hikari.pool.PoolBase.newPoolEntry(PoolBase.java:206)
	at com.zaxxer.hikari.pool.HikariPool.createPoolEntry(HikariPool.java:476)
	at com.zaxxer.hikari.pool.HikariPool.checkFailFast(HikariPool.java:561)
	at com.zaxxer.hikari.pool.HikariPool.<init>(HikariPool.java:115)
	at com.zaxxer.hikari.HikariDataSource.getConnection(HikariDataSource.java:112)
	at org.hibernate.engine.jdbc.connections.internal.DatasourceConnectionProviderImpl.getConnection(DatasourceConnectionProviderImpl.java:122)
	at org.hibernate.engine.jdbc.env.internal.JdbcEnvironmentInitiator$ConnectionProviderJdbcConnectionAccess.obtainConnection(JdbcEnvironmentInitiator.java:180)
	at org.hibernate.engine.jdbc.env.internal.JdbcEnvironmentInitiator.initiateService(JdbcEnvironmentInitiator.java:68)
	at org.hibernate.engine.jdbc.env.internal.JdbcEnvironmentInitiator.initiateService(JdbcEnvironmentInitiator.java:35)
	at org.hibernate.boot.registry.internal.StandardServiceRegistryImpl.initiateService(StandardServiceRegistryImpl.java:101)
	at org.hibernate.service.internal.AbstractServiceRegistryImpl.createService(AbstractServiceRegistryImpl.java:263)
	at org.hibernate.service.internal.AbstractServiceRegistryImpl.initializeService(AbstractServiceRegistryImpl.java:237)
	at org.hibernate.service.internal.AbstractServiceRegistryImpl.getService(AbstractServiceRegistryImpl.java:214)
	at org.hibernate.id.factory.internal.DefaultIdentifierGeneratorFactory.injectServices(DefaultIdentifierGeneratorFactory.java:152)
	at org.hibernate.service.internal.AbstractServiceRegistryImpl.injectDependencies(AbstractServiceRegistryImpl.java:286)
	at org.hibernate.service.internal.AbstractServiceRegistryImpl.initializeService(AbstractServiceRegistryImpl.java:243)
	at org.hibernate.service.internal.AbstractServiceRegistryImpl.getService(AbstractServiceRegistryImpl.java:214)
	at org.hibernate.boot.internal.InFlightMetadataCollectorImpl.<init>(InFlightMetadataCollectorImpl.java:176)
	at org.hibernate.boot.model.process.spi.MetadataBuildingProcess.complete(MetadataBuildingProcess.java:127)
	at org.hibernate.jpa.boot.internal.EntityManagerFactoryBuilderImpl.metadata(EntityManagerFactoryBuilderImpl.java:1224)
	at org.hibernate.jpa.boot.internal.EntityManagerFactoryBuilderImpl.build(EntityManagerFactoryBuilderImpl.java:1255)
	at org.springframework.orm.jpa.vendor.SpringHibernateJpaPersistenceProvider.createContainerEntityManagerFactory(SpringHibernateJpaPersistenceProvider.java:58)
	at org.springframework.orm.jpa.LocalContainerEntityManagerFactoryBean.createNativeEntityManagerFactory(LocalContainerEntityManagerFactoryBean.java:365)
	at org.springframework.orm.jpa.AbstractEntityManagerFactoryBean.buildNativeEntityManagerFactory(AbstractEntityManagerFactoryBean.java:409)
	at org.springframework.orm.jpa.AbstractEntityManagerFactoryBean.afterPropertiesSet(AbstractEntityManagerFactoryBean.java:396)
	at org.springframework.orm.jpa.LocalContainerEntityManagerFactoryBean.afterPropertiesSet(LocalContainerEntityManagerFactoryBean.java:341)
	at org.springframework.beans.factory.support.AbstractAutowireCapableBeanFactory.invokeInitMethods(AbstractAutowireCapableBeanFactory.java:1845)
	at org.springframework.beans.factory.support.AbstractAutowireCapableBeanFactory.initializeBean(AbstractAutowireCapableBeanFactory.java:1782)
	at org.springframework.beans.factory.support.AbstractAutowireCapableBeanFactory.doCreateBean(AbstractAutowireCapableBeanFactory.java:602)
	at org.springframework.beans.factory.support.AbstractAutowireCapableBeanFactory.createBean(AbstractAutowireCapableBeanFactory.java:524)
	at org.springframework.beans.factory.support.AbstractBeanFactory.lambda$doGetBean$0(AbstractBeanFactory.java:335)
	at org.springframework.beans.factory.support.DefaultSingletonBeanRegistry.getSingleton(DefaultSingletonBeanRegistry.java:234)
	at org.springframework.beans.factory.support.AbstractBeanFactory.doGetBean(AbstractBeanFactory.java:333)
	at org.springframework.beans.factory.support.AbstractBeanFactory.getBean(AbstractBeanFactory.java:208)
	at org.springframework.context.support.AbstractApplicationContext.getBean(AbstractApplicationContext.java:1154)
	at org.springframework.context.support.AbstractApplicationContext.finishBeanFactoryInitialization(AbstractApplicationContext.java:908)
	at org.springframework.context.support.AbstractApplicationContext.refresh(AbstractApplicationContext.java:583)
	at org.springframework.boot.web.servlet.context.ServletWebServerApplicationContext.refresh(ServletWebServerApplicationContext.java:145)
	at org.springframework.boot.SpringApplication.refresh(SpringApplication.java:754)
	at org.springframework.boot.SpringApplication.refreshContext(SpringApplication.java:434)
	at org.springframework.boot.SpringApplication.run(SpringApplication.java:338)
	at org.springframework.boot.SpringApplication.run(SpringApplication.java:1343)
	at org.springframework.boot.SpringApplication.run(SpringApplication.java:1332)
	at com.cappack13.Sprint2Application.main(Sprint2Application.java:10)
	at java.base/jdk.internal.reflect.NativeMethodAccessorImpl.invoke0(Native Method)
	at java.base/jdk.internal.reflect.NativeMethodAccessorImpl.invoke(NativeMethodAccessorImpl.java:77)
	at java.base/jdk.internal.reflect.DelegatingMethodAccessorImpl.invoke(DelegatingMethodAccessorImpl.java:43)
	at java.base/java.lang.reflect.Method.invoke(Method.java:568)
	at org.springframework.boot.devtools.restart.RestartLauncher.run(RestartLauncher.java:49)
Caused by: java.net.UnknownHostException: barber-postgres
	at java.base/sun.nio.ch.NioSocketImpl.connect(NioSocketImpl.java:567)
	at java.base/java.net.SocksSocketImpl.connect(SocksSocketImpl.java:327)
	at java.base/java.net.Socket.connect(Socket.java:633)
	at org.postgresql.core.PGStream.createSocket(PGStream.java:231)
	at org.postgresql.core.PGStream.<init>(PGStream.java:95)
	at org.postgresql.core.v3.ConnectionFactoryImpl.tryConnect(ConnectionFactoryImpl.java:98)
	at org.postgresql.core.v3.ConnectionFactoryImpl.openConnectionImpl(ConnectionFactoryImpl.java:213)
	... 55 common frames omitted
2022-05-09-16:03:33 - HHH000342: Could not obtain connection to query metadata
org.postgresql.util.PSQLException: The connection attempt failed.
	at org.postgresql.core.v3.ConnectionFactoryImpl.openConnectionImpl(ConnectionFactoryImpl.java:315)
	at org.postgresql.core.ConnectionFactory.openConnection(ConnectionFactory.java:51)
	at org.postgresql.jdbc.PgConnection.<init>(PgConnection.java:223)
	at org.postgresql.Driver.makeConnection(Driver.java:465)
	at org.postgresql.Driver.connect(Driver.java:264)
	at com.zaxxer.hikari.util.DriverDataSource.getConnection(DriverDataSource.java:138)
	at com.zaxxer.hikari.pool.PoolBase.newConnection(PoolBase.java:364)
	at com.zaxxer.hikari.pool.PoolBase.newPoolEntry(PoolBase.java:206)
	at com.zaxxer.hikari.pool.HikariPool.createPoolEntry(HikariPool.java:476)
	at com.zaxxer.hikari.pool.HikariPool.checkFailFast(HikariPool.java:561)
	at com.zaxxer.hikari.pool.HikariPool.<init>(HikariPool.java:115)
	at com.zaxxer.hikari.HikariDataSource.getConnection(HikariDataSource.java:112)
	at org.hibernate.engine.jdbc.connections.internal.DatasourceConnectionProviderImpl.getConnection(DatasourceConnectionProviderImpl.java:122)
	at org.hibernate.engine.jdbc.env.internal.JdbcEnvironmentInitiator$ConnectionProviderJdbcConnectionAccess.obtainConnection(JdbcEnvironmentInitiator.java:180)
	at org.hibernate.engine.jdbc.env.internal.JdbcEnvironmentInitiator.initiateService(JdbcEnvironmentInitiator.java:68)
	at org.hibernate.engine.jdbc.env.internal.JdbcEnvironmentInitiator.initiateService(JdbcEnvironmentInitiator.java:35)
	at org.hibernate.boot.registry.internal.StandardServiceRegistryImpl.initiateService(StandardServiceRegistryImpl.java:101)
	at org.hibernate.service.internal.AbstractServiceRegistryImpl.createService(AbstractServiceRegistryImpl.java:263)
	at org.hibernate.service.internal.AbstractServiceRegistryImpl.initializeService(AbstractServiceRegistryImpl.java:237)
	at org.hibernate.service.internal.AbstractServiceRegistryImpl.getService(AbstractServiceRegistryImpl.java:214)
	at org.hibernate.id.factory.internal.DefaultIdentifierGeneratorFactory.injectServices(DefaultIdentifierGeneratorFactory.java:152)
	at org.hibernate.service.internal.AbstractServiceRegistryImpl.injectDependencies(AbstractServiceRegistryImpl.java:286)
	at org.hibernate.service.internal.AbstractServiceRegistryImpl.initializeService(AbstractServiceRegistryImpl.java:243)
	at org.hibernate.service.internal.AbstractServiceRegistryImpl.getService(AbstractServiceRegistryImpl.java:214)
	at org.hibernate.boot.internal.InFlightMetadataCollectorImpl.<init>(InFlightMetadataCollectorImpl.java:176)
	at org.hibernate.boot.model.process.spi.MetadataBuildingProcess.complete(MetadataBuildingProcess.java:127)
	at org.hibernate.jpa.boot.internal.EntityManagerFactoryBuilderImpl.metadata(EntityManagerFactoryBuilderImpl.java:1224)
	at org.hibernate.jpa.boot.internal.EntityManagerFactoryBuilderImpl.build(EntityManagerFactoryBuilderImpl.java:1255)
	at org.springframework.orm.jpa.vendor.SpringHibernateJpaPersistenceProvider.createContainerEntityManagerFactory(SpringHibernateJpaPersistenceProvider.java:58)
	at org.springframework.orm.jpa.LocalContainerEntityManagerFactoryBean.createNativeEntityManagerFactory(LocalContainerEntityManagerFactoryBean.java:365)
	at org.springframework.orm.jpa.AbstractEntityManagerFactoryBean.buildNativeEntityManagerFactory(AbstractEntityManagerFactoryBean.java:409)
	at org.springframework.orm.jpa.AbstractEntityManagerFactoryBean.afterPropertiesSet(AbstractEntityManagerFactoryBean.java:396)
	at org.springframework.orm.jpa.LocalContainerEntityManagerFactoryBean.afterPropertiesSet(LocalContainerEntityManagerFactoryBean.java:341)
	at org.springframework.beans.factory.support.AbstractAutowireCapableBeanFactory.invokeInitMethods(AbstractAutowireCapableBeanFactory.java:1845)
	at org.springframework.beans.factory.support.AbstractAutowireCapableBeanFactory.initializeBean(AbstractAutowireCapableBeanFactory.java:1782)
	at org.springframework.beans.factory.support.AbstractAutowireCapableBeanFactory.doCreateBean(AbstractAutowireCapableBeanFactory.java:602)
	at org.springframework.beans.factory.support.AbstractAutowireCapableBeanFactory.createBean(AbstractAutowireCapableBeanFactory.java:524)
	at org.springframework.beans.factory.support.AbstractBeanFactory.lambda$doGetBean$0(AbstractBeanFactory.java:335)
	at org.springframework.beans.factory.support.DefaultSingletonBeanRegistry.getSingleton(DefaultSingletonBeanRegistry.java:234)
	at org.springframework.beans.factory.support.AbstractBeanFactory.doGetBean(AbstractBeanFactory.java:333)
	at org.springframework.beans.factory.support.AbstractBeanFactory.getBean(AbstractBeanFactory.java:208)
	at org.springframework.context.support.AbstractApplicationContext.getBean(AbstractApplicationContext.java:1154)
	at org.springframework.context.support.AbstractApplicationContext.finishBeanFactoryInitialization(AbstractApplicationContext.java:908)
	at org.springframework.context.support.AbstractApplicationContext.refresh(AbstractApplicationContext.java:583)
	at org.springframework.boot.web.servlet.context.ServletWebServerApplicationContext.refresh(ServletWebServerApplicationContext.java:145)
	at org.springframework.boot.SpringApplication.refresh(SpringApplication.java:754)
	at org.springframework.boot.SpringApplication.refreshContext(SpringApplication.java:434)
	at org.springframework.boot.SpringApplication.run(SpringApplication.java:338)
	at org.springframework.boot.SpringApplication.run(SpringApplication.java:1343)
	at org.springframework.boot.SpringApplication.run(SpringApplication.java:1332)
	at com.cappack13.Sprint2Application.main(Sprint2Application.java:10)
	at java.base/jdk.internal.reflect.NativeMethodAccessorImpl.invoke0(Native Method)
	at java.base/jdk.internal.reflect.NativeMethodAccessorImpl.invoke(NativeMethodAccessorImpl.java:77)
	at java.base/jdk.internal.reflect.DelegatingMethodAccessorImpl.invoke(DelegatingMethodAccessorImpl.java:43)
	at java.base/java.lang.reflect.Method.invoke(Method.java:568)
	at org.springframework.boot.devtools.restart.RestartLauncher.run(RestartLauncher.java:49)
Caused by: java.net.UnknownHostException: barber-postgres
	at java.base/sun.nio.ch.NioSocketImpl.connect(NioSocketImpl.java:567)
	at java.base/java.net.SocksSocketImpl.connect(SocksSocketImpl.java:327)
	at java.base/java.net.Socket.connect(Socket.java:633)
	at org.postgresql.core.PGStream.createSocket(PGStream.java:231)
	at org.postgresql.core.PGStream.<init>(PGStream.java:95)
	at org.postgresql.core.v3.ConnectionFactoryImpl.tryConnect(ConnectionFactoryImpl.java:98)
	at org.postgresql.core.v3.ConnectionFactoryImpl.openConnectionImpl(ConnectionFactoryImpl.java:213)
	... 55 common frames omitted
2022-05-09-16:03:33 - HHH000400: Using dialect: org.hibernate.dialect.PostgreSQLDialect
2022-05-09-16:03:34 - HikariPool-1 - Starting...
2022-05-09-16:03:35 - HikariPool-1 - Exception during pool initialization.
org.postgresql.util.PSQLException: The connection attempt failed.
	at org.postgresql.core.v3.ConnectionFactoryImpl.openConnectionImpl(ConnectionFactoryImpl.java:315)
	at org.postgresql.core.ConnectionFactory.openConnection(ConnectionFactory.java:51)
	at org.postgresql.jdbc.PgConnection.<init>(PgConnection.java:223)
	at org.postgresql.Driver.makeConnection(Driver.java:465)
	at org.postgresql.Driver.connect(Driver.java:264)
	at com.zaxxer.hikari.util.DriverDataSource.getConnection(DriverDataSource.java:138)
	at com.zaxxer.hikari.pool.PoolBase.newConnection(PoolBase.java:364)
	at com.zaxxer.hikari.pool.PoolBase.newPoolEntry(PoolBase.java:206)
	at com.zaxxer.hikari.pool.HikariPool.createPoolEntry(HikariPool.java:476)
	at com.zaxxer.hikari.pool.HikariPool.checkFailFast(HikariPool.java:561)
	at com.zaxxer.hikari.pool.HikariPool.<init>(HikariPool.java:115)
	at com.zaxxer.hikari.HikariDataSource.getConnection(HikariDataSource.java:112)
	at org.hibernate.engine.jdbc.connections.internal.DatasourceConnectionProviderImpl.getConnection(DatasourceConnectionProviderImpl.java:122)
	at org.hibernate.engine.jdbc.env.internal.JdbcEnvironmentInitiator$ConnectionProviderJdbcConnectionAccess.obtainConnection(JdbcEnvironmentInitiator.java:180)
	at org.hibernate.resource.transaction.backend.jdbc.internal.DdlTransactionIsolatorNonJtaImpl.getIsolatedConnection(DdlTransactionIsolatorNonJtaImpl.java:43)
	at org.hibernate.tool.schema.internal.exec.ImprovedExtractionContextImpl.getJdbcConnection(ImprovedExtractionContextImpl.java:60)
	at org.hibernate.tool.schema.extract.internal.SequenceInformationExtractorLegacyImpl.extractMetadata(SequenceInformationExtractorLegacyImpl.java:40)
	at org.hibernate.tool.schema.extract.internal.DatabaseInformationImpl.initializeSequences(DatabaseInformationImpl.java:65)
	at org.hibernate.tool.schema.extract.internal.DatabaseInformationImpl.<init>(DatabaseInformationImpl.java:59)
	at org.hibernate.tool.schema.internal.Helper.buildDatabaseInformation(Helper.java:155)
	at org.hibernate.tool.schema.internal.AbstractSchemaMigrator.doMigration(AbstractSchemaMigrator.java:96)
	at org.hibernate.tool.schema.spi.SchemaManagementToolCoordinator.performDatabaseAction(SchemaManagementToolCoordinator.java:184)
	at org.hibernate.tool.schema.spi.SchemaManagementToolCoordinator.process(SchemaManagementToolCoordinator.java:73)
	at org.hibernate.internal.SessionFactoryImpl.<init>(SessionFactoryImpl.java:318)
	at org.hibernate.boot.internal.SessionFactoryBuilderImpl.build(SessionFactoryBuilderImpl.java:468)
	at org.hibernate.jpa.boot.internal.EntityManagerFactoryBuilderImpl.build(EntityManagerFactoryBuilderImpl.java:1259)
	at org.springframework.orm.jpa.vendor.SpringHibernateJpaPersistenceProvider.createContainerEntityManagerFactory(SpringHibernateJpaPersistenceProvider.java:58)
	at org.springframework.orm.jpa.LocalContainerEntityManagerFactoryBean.createNativeEntityManagerFactory(LocalContainerEntityManagerFactoryBean.java:365)
	at org.springframework.orm.jpa.AbstractEntityManagerFactoryBean.buildNativeEntityManagerFactory(AbstractEntityManagerFactoryBean.java:409)
	at org.springframework.orm.jpa.AbstractEntityManagerFactoryBean.afterPropertiesSet(AbstractEntityManagerFactoryBean.java:396)
	at org.springframework.orm.jpa.LocalContainerEntityManagerFactoryBean.afterPropertiesSet(LocalContainerEntityManagerFactoryBean.java:341)
	at org.springframework.beans.factory.support.AbstractAutowireCapableBeanFactory.invokeInitMethods(AbstractAutowireCapableBeanFactory.java:1845)
	at org.springframework.beans.factory.support.AbstractAutowireCapableBeanFactory.initializeBean(AbstractAutowireCapableBeanFactory.java:1782)
	at org.springframework.beans.factory.support.AbstractAutowireCapableBeanFactory.doCreateBean(AbstractAutowireCapableBeanFactory.java:602)
	at org.springframework.beans.factory.support.AbstractAutowireCapableBeanFactory.createBean(AbstractAutowireCapableBeanFactory.java:524)
	at org.springframework.beans.factory.support.AbstractBeanFactory.lambda$doGetBean$0(AbstractBeanFactory.java:335)
	at org.springframework.beans.factory.support.DefaultSingletonBeanRegistry.getSingleton(DefaultSingletonBeanRegistry.java:234)
	at org.springframework.beans.factory.support.AbstractBeanFactory.doGetBean(AbstractBeanFactory.java:333)
	at org.springframework.beans.factory.support.AbstractBeanFactory.getBean(AbstractBeanFactory.java:208)
	at org.springframework.context.support.AbstractApplicationContext.getBean(AbstractApplicationContext.java:1154)
	at org.springframework.context.support.AbstractApplicationContext.finishBeanFactoryInitialization(AbstractApplicationContext.java:908)
	at org.springframework.context.support.AbstractApplicationContext.refresh(AbstractApplicationContext.java:583)
	at org.springframework.boot.web.servlet.context.ServletWebServerApplicationContext.refresh(ServletWebServerApplicationContext.java:145)
	at org.springframework.boot.SpringApplication.refresh(SpringApplication.java:754)
	at org.springframework.boot.SpringApplication.refreshContext(SpringApplication.java:434)
	at org.springframework.boot.SpringApplication.run(SpringApplication.java:338)
	at org.springframework.boot.SpringApplication.run(SpringApplication.java:1343)
	at org.springframework.boot.SpringApplication.run(SpringApplication.java:1332)
	at com.cappack13.Sprint2Application.main(Sprint2Application.java:10)
	at java.base/jdk.internal.reflect.NativeMethodAccessorImpl.invoke0(Native Method)
	at java.base/jdk.internal.reflect.NativeMethodAccessorImpl.invoke(NativeMethodAccessorImpl.java:77)
	at java.base/jdk.internal.reflect.DelegatingMethodAccessorImpl.invoke(DelegatingMethodAccessorImpl.java:43)
	at java.base/java.lang.reflect.Method.invoke(Method.java:568)
	at org.springframework.boot.devtools.restart.RestartLauncher.run(RestartLauncher.java:49)
Caused by: java.net.UnknownHostException: barber-postgres
	at java.base/sun.nio.ch.NioSocketImpl.connect(NioSocketImpl.java:567)
	at java.base/java.net.SocksSocketImpl.connect(SocksSocketImpl.java:327)
	at java.base/java.net.Socket.connect(Socket.java:633)
	at org.postgresql.core.PGStream.createSocket(PGStream.java:231)
	at org.postgresql.core.PGStream.<init>(PGStream.java:95)
	at org.postgresql.core.v3.ConnectionFactoryImpl.tryConnect(ConnectionFactoryImpl.java:98)
	at org.postgresql.core.v3.ConnectionFactoryImpl.openConnectionImpl(ConnectionFactoryImpl.java:213)
	... 53 common frames omitted
2022-05-09-16:03:35 - SQL Error: 0, SQLState: 08001
2022-05-09-16:03:35 - The connection attempt failed.
2022-05-09-16:03:35 - Failed to initialize JPA EntityManagerFactory: [PersistenceUnit: default] Unable to build Hibernate SessionFactory; nested exception is org.hibernate.exception.JDBCConnectionException: Unable to open JDBC Connection for DDL execution
2022-05-09-16:03:35 - Exception encountered during context initialization - cancelling refresh attempt: org.springframework.beans.factory.BeanCreationException: Error creating bean with name 'entityManagerFactory' defined in class path resource [org/springframework/boot/autoconfigure/orm/jpa/HibernateJpaConfiguration.class]: Invocation of init method failed; nested exception is javax.persistence.PersistenceException: [PersistenceUnit: default] Unable to build Hibernate SessionFactory; nested exception is org.hibernate.exception.JDBCConnectionException: Unable to open JDBC Connection for DDL execution
2022-05-09-16:03:35 - Stopping service [Tomcat]
2022-05-09-16:03:35 - 

Error starting ApplicationContext. To display the conditions report re-run your application with 'debug' enabled.
2022-05-09-16:03:35 - Application run failed
org.springframework.beans.factory.BeanCreationException: Error creating bean with name 'entityManagerFactory' defined in class path resource [org/springframework/boot/autoconfigure/orm/jpa/HibernateJpaConfiguration.class]: Invocation of init method failed; nested exception is javax.persistence.PersistenceException: [PersistenceUnit: default] Unable to build Hibernate SessionFactory; nested exception is org.hibernate.exception.JDBCConnectionException: Unable to open JDBC Connection for DDL execution
	at org.springframework.beans.factory.support.AbstractAutowireCapableBeanFactory.initializeBean(AbstractAutowireCapableBeanFactory.java:1786)
	at org.springframework.beans.factory.support.AbstractAutowireCapableBeanFactory.doCreateBean(AbstractAutowireCapableBeanFactory.java:602)
	at org.springframework.beans.factory.support.AbstractAutowireCapableBeanFactory.createBean(AbstractAutowireCapableBeanFactory.java:524)
	at org.springframework.beans.factory.support.AbstractBeanFactory.lambda$doGetBean$0(AbstractBeanFactory.java:335)
	at org.springframework.beans.factory.support.DefaultSingletonBeanRegistry.getSingleton(DefaultSingletonBeanRegistry.java:234)
	at org.springframework.beans.factory.support.AbstractBeanFactory.doGetBean(AbstractBeanFactory.java:333)
	at org.springframework.beans.factory.support.AbstractBeanFactory.getBean(AbstractBeanFactory.java:208)
	at org.springframework.context.support.AbstractApplicationContext.getBean(AbstractApplicationContext.java:1154)
	at org.springframework.context.support.AbstractApplicationContext.finishBeanFactoryInitialization(AbstractApplicationContext.java:908)
	at org.springframework.context.support.AbstractApplicationContext.refresh(AbstractApplicationContext.java:583)
	at org.springframework.boot.web.servlet.context.ServletWebServerApplicationContext.refresh(ServletWebServerApplicationContext.java:145)
	at org.springframework.boot.SpringApplication.refresh(SpringApplication.java:754)
	at org.springframework.boot.SpringApplication.refreshContext(SpringApplication.java:434)
	at org.springframework.boot.SpringApplication.run(SpringApplication.java:338)
	at org.springframework.boot.SpringApplication.run(SpringApplication.java:1343)
	at org.springframework.boot.SpringApplication.run(SpringApplication.java:1332)
	at com.cappack13.Sprint2Application.main(Sprint2Application.java:10)
	at java.base/jdk.internal.reflect.NativeMethodAccessorImpl.invoke0(Native Method)
	at java.base/jdk.internal.reflect.NativeMethodAccessorImpl.invoke(NativeMethodAccessorImpl.java:77)
	at java.base/jdk.internal.reflect.DelegatingMethodAccessorImpl.invoke(DelegatingMethodAccessorImpl.java:43)
	at java.base/java.lang.reflect.Method.invoke(Method.java:568)
	at org.springframework.boot.devtools.restart.RestartLauncher.run(RestartLauncher.java:49)
Caused by: javax.persistence.PersistenceException: [PersistenceUnit: default] Unable to build Hibernate SessionFactory; nested exception is org.hibernate.exception.JDBCConnectionException: Unable to open JDBC Connection for DDL execution
	at org.springframework.orm.jpa.AbstractEntityManagerFactoryBean.buildNativeEntityManagerFactory(AbstractEntityManagerFactoryBean.java:421)
	at org.springframework.orm.jpa.AbstractEntityManagerFactoryBean.afterPropertiesSet(AbstractEntityManagerFactoryBean.java:396)
	at org.springframework.orm.jpa.LocalContainerEntityManagerFactoryBean.afterPropertiesSet(LocalContainerEntityManagerFactoryBean.java:341)
	at org.springframework.beans.factory.support.AbstractAutowireCapableBeanFactory.invokeInitMethods(AbstractAutowireCapableBeanFactory.java:1845)
	at org.springframework.beans.factory.support.AbstractAutowireCapableBeanFactory.initializeBean(AbstractAutowireCapableBeanFactory.java:1782)
	... 21 common frames omitted
Caused by: org.hibernate.exception.JDBCConnectionException: Unable to open JDBC Connection for DDL execution
	at org.hibernate.exception.internal.SQLStateConversionDelegate.convert(SQLStateConversionDelegate.java:112)
	at org.hibernate.exception.internal.StandardSQLExceptionConverter.convert(StandardSQLExceptionConverter.java:42)
	at org.hibernate.engine.jdbc.spi.SqlExceptionHelper.convert(SqlExceptionHelper.java:113)
	at org.hibernate.engine.jdbc.spi.SqlExceptionHelper.convert(SqlExceptionHelper.java:99)
	at org.hibernate.resource.transaction.backend.jdbc.internal.DdlTransactionIsolatorNonJtaImpl.getIsolatedConnection(DdlTransactionIsolatorNonJtaImpl.java:69)
	at org.hibernate.tool.schema.internal.exec.ImprovedExtractionContextImpl.getJdbcConnection(ImprovedExtractionContextImpl.java:60)
	at org.hibernate.tool.schema.extract.internal.SequenceInformationExtractorLegacyImpl.extractMetadata(SequenceInformationExtractorLegacyImpl.java:40)
	at org.hibernate.tool.schema.extract.internal.DatabaseInformationImpl.initializeSequences(DatabaseInformationImpl.java:65)
	at org.hibernate.tool.schema.extract.internal.DatabaseInformationImpl.<init>(DatabaseInformationImpl.java:59)
	at org.hibernate.tool.schema.internal.Helper.buildDatabaseInformation(Helper.java:155)
	at org.hibernate.tool.schema.internal.AbstractSchemaMigrator.doMigration(AbstractSchemaMigrator.java:96)
	at org.hibernate.tool.schema.spi.SchemaManagementToolCoordinator.performDatabaseAction(SchemaManagementToolCoordinator.java:184)
	at org.hibernate.tool.schema.spi.SchemaManagementToolCoordinator.process(SchemaManagementToolCoordinator.java:73)
	at org.hibernate.internal.SessionFactoryImpl.<init>(SessionFactoryImpl.java:318)
	at org.hibernate.boot.internal.SessionFactoryBuilderImpl.build(SessionFactoryBuilderImpl.java:468)
	at org.hibernate.jpa.boot.internal.EntityManagerFactoryBuilderImpl.build(EntityManagerFactoryBuilderImpl.java:1259)
	at org.springframework.orm.jpa.vendor.SpringHibernateJpaPersistenceProvider.createContainerEntityManagerFactory(SpringHibernateJpaPersistenceProvider.java:58)
	at org.springframework.orm.jpa.LocalContainerEntityManagerFactoryBean.createNativeEntityManagerFactory(LocalContainerEntityManagerFactoryBean.java:365)
	at org.springframework.orm.jpa.AbstractEntityManagerFactoryBean.buildNativeEntityManagerFactory(AbstractEntityManagerFactoryBean.java:409)
	... 25 common frames omitted
Caused by: org.postgresql.util.PSQLException: The connection attempt failed.
	at org.postgresql.core.v3.ConnectionFactoryImpl.openConnectionImpl(ConnectionFactoryImpl.java:315)
	at org.postgresql.core.ConnectionFactory.openConnection(ConnectionFactory.java:51)
	at org.postgresql.jdbc.PgConnection.<init>(PgConnection.java:223)
	at org.postgresql.Driver.makeConnection(Driver.java:465)
	at org.postgresql.Driver.connect(Driver.java:264)
	at com.zaxxer.hikari.util.DriverDataSource.getConnection(DriverDataSource.java:138)
	at com.zaxxer.hikari.pool.PoolBase.newConnection(PoolBase.java:364)
	at com.zaxxer.hikari.pool.PoolBase.newPoolEntry(PoolBase.java:206)
	at com.zaxxer.hikari.pool.HikariPool.createPoolEntry(HikariPool.java:476)
	at com.zaxxer.hikari.pool.HikariPool.checkFailFast(HikariPool.java:561)
	at com.zaxxer.hikari.pool.HikariPool.<init>(HikariPool.java:115)
	at com.zaxxer.hikari.HikariDataSource.getConnection(HikariDataSource.java:112)
	at org.hibernate.engine.jdbc.connections.internal.DatasourceConnectionProviderImpl.getConnection(DatasourceConnectionProviderImpl.java:122)
	at org.hibernate.engine.jdbc.env.internal.JdbcEnvironmentInitiator$ConnectionProviderJdbcConnectionAccess.obtainConnection(JdbcEnvironmentInitiator.java:180)
	at org.hibernate.resource.transaction.backend.jdbc.internal.DdlTransactionIsolatorNonJtaImpl.getIsolatedConnection(DdlTransactionIsolatorNonJtaImpl.java:43)
	... 39 common frames omitted
Caused by: java.net.UnknownHostException: barber-postgres
	at java.base/sun.nio.ch.NioSocketImpl.connect(NioSocketImpl.java:567)
	at java.base/java.net.SocksSocketImpl.connect(SocksSocketImpl.java:327)
	at java.base/java.net.Socket.connect(Socket.java:633)
	at org.postgresql.core.PGStream.createSocket(PGStream.java:231)
	at org.postgresql.core.PGStream.<init>(PGStream.java:95)
	at org.postgresql.core.v3.ConnectionFactoryImpl.tryConnect(ConnectionFactoryImpl.java:98)
	at org.postgresql.core.v3.ConnectionFactoryImpl.openConnectionImpl(ConnectionFactoryImpl.java:213)
	... 53 common frames omitted
2022-05-09-16:03:59 - Starting Sprint2Application using Java 17.0.2 on DHARANI with PID 18264 (C:\Users\hp\OneDrive\Desktop\SpringBootApps\Sprint2\target\classes started by hp in C:\Users\hp\OneDrive\Desktop\SpringBootApps\Sprint2)
2022-05-09-16:03:59 - No active profile set, falling back to default profiles: default
2022-05-09-16:03:59 - Devtools property defaults active! Set 'spring.devtools.add-properties' to 'false' to disable
2022-05-09-16:03:59 - For additional web related logging consider setting the 'logging.level.web' property to 'DEBUG'
2022-05-09-16:04:01 - Bootstrapping Spring Data JPA repositories in DEFAULT mode.
2022-05-09-16:04:01 - Finished Spring Data repository scanning in 193 ms. Found 6 JPA repository interfaces.
2022-05-09-16:04:02 - Tomcat initialized with port(s): 8623 (http)
2022-05-09-16:04:02 - Starting service [Tomcat]
2022-05-09-16:04:02 - Starting Servlet engine: [Apache Tomcat/9.0.48]
2022-05-09-16:04:03 - At least one JAR was scanned for TLDs yet contained no TLDs. Enable debug logging for this logger for a complete list of JARs that were scanned but no TLDs were found in them. Skipping unneeded JARs during scanning can improve startup time and JSP compilation time.
2022-05-09-16:04:03 - Initializing Spring embedded WebApplicationContext
2022-05-09-16:04:03 - Root WebApplicationContext: initialization completed in 3347 ms
2022-05-09-16:04:03 - HHH000204: Processing PersistenceUnitInfo [name: default]
2022-05-09-16:04:03 - HHH000412: Hibernate ORM core version 5.4.32.Final
2022-05-09-16:04:04 - HCANN000001: Hibernate Commons Annotations {5.1.2.Final}
2022-05-09-16:04:04 - HikariPool-1 - Starting...
2022-05-09-16:04:04 - HikariPool-1 - Start completed.
2022-05-09-16:04:04 - HHH000400: Using dialect: org.hibernate.dialect.PostgreSQLDialect
2022-05-09-16:04:06 - HHH000490: Using JtaPlatform implementation: [org.hibernate.engine.transaction.jta.platform.internal.NoJtaPlatform]
2022-05-09-16:04:06 - Initialized JPA EntityManagerFactory for persistence unit 'default'
2022-05-09-16:04:08 - Exception encountered during context initialization - cancelling refresh attempt: org.springframework.beans.factory.UnsatisfiedDependencyException: Error creating bean with name 'barberControllerByAdmin': Unsatisfied dependency expressed through field 'barDao'; nested exception is org.springframework.beans.factory.UnsatisfiedDependencyException: Error creating bean with name 'barberDaoForAdmin': Unsatisfied dependency expressed through field 'userRepos'; nested exception is org.springframework.beans.factory.BeanCreationException: Error creating bean with name 'usersRepository' defined in com.cappack13.repository.UsersRepository defined in @EnableJpaRepositories declared on JpaRepositoriesRegistrar.EnableJpaRepositoriesConfiguration: Invocation of init method failed; nested exception is org.springframework.data.repository.query.QueryCreationException: Could not create query for public abstract java.util.List com.cappack13.repository.UsersRepository.findUser(java.lang.String)! Reason: Validation failed for query for method public abstract java.util.List com.cappack13.repository.UsersRepository.findUser(java.lang.String)!; nested exception is java.lang.IllegalArgumentException: Validation failed for query for method public abstract java.util.List com.cappack13.repository.UsersRepository.findUser(java.lang.String)!
2022-05-09-16:04:08 - Closing JPA EntityManagerFactory for persistence unit 'default'
2022-05-09-16:04:08 - HikariPool-1 - Shutdown initiated...
2022-05-09-16:04:08 - HikariPool-1 - Shutdown completed.
2022-05-09-16:04:08 - Stopping service [Tomcat]
2022-05-09-16:04:08 - 

Error starting ApplicationContext. To display the conditions report re-run your application with 'debug' enabled.
2022-05-09-16:04:08 - Application run failed
org.springframework.beans.factory.UnsatisfiedDependencyException: Error creating bean with name 'barberControllerByAdmin': Unsatisfied dependency expressed through field 'barDao'; nested exception is org.springframework.beans.factory.UnsatisfiedDependencyException: Error creating bean with name 'barberDaoForAdmin': Unsatisfied dependency expressed through field 'userRepos'; nested exception is org.springframework.beans.factory.BeanCreationException: Error creating bean with name 'usersRepository' defined in com.cappack13.repository.UsersRepository defined in @EnableJpaRepositories declared on JpaRepositoriesRegistrar.EnableJpaRepositoriesConfiguration: Invocation of init method failed; nested exception is org.springframework.data.repository.query.QueryCreationException: Could not create query for public abstract java.util.List com.cappack13.repository.UsersRepository.findUser(java.lang.String)! Reason: Validation failed for query for method public abstract java.util.List com.cappack13.repository.UsersRepository.findUser(java.lang.String)!; nested exception is java.lang.IllegalArgumentException: Validation failed for query for method public abstract java.util.List com.cappack13.repository.UsersRepository.findUser(java.lang.String)!
	at org.springframework.beans.factory.annotation.AutowiredAnnotationBeanPostProcessor$AutowiredFieldElement.resolveFieldValue(AutowiredAnnotationBeanPostProcessor.java:660)
	at org.springframework.beans.factory.annotation.AutowiredAnnotationBeanPostProcessor$AutowiredFieldElement.inject(AutowiredAnnotationBeanPostProcessor.java:640)
	at org.springframework.beans.factory.annotation.InjectionMetadata.inject(InjectionMetadata.java:119)
	at org.springframework.beans.factory.annotation.AutowiredAnnotationBeanPostProcessor.postProcessProperties(AutowiredAnnotationBeanPostProcessor.java:399)
	at org.springframework.beans.factory.support.AbstractAutowireCapableBeanFactory.populateBean(AbstractAutowireCapableBeanFactory.java:1413)
	at org.springframework.beans.factory.support.AbstractAutowireCapableBeanFactory.doCreateBean(AbstractAutowireCapableBeanFactory.java:601)
	at org.springframework.beans.factory.support.AbstractAutowireCapableBeanFactory.createBean(AbstractAutowireCapableBeanFactory.java:524)
	at org.springframework.beans.factory.support.AbstractBeanFactory.lambda$doGetBean$0(AbstractBeanFactory.java:335)
	at org.springframework.beans.factory.support.DefaultSingletonBeanRegistry.getSingleton(DefaultSingletonBeanRegistry.java:234)
	at org.springframework.beans.factory.support.AbstractBeanFactory.doGetBean(AbstractBeanFactory.java:333)
	at org.springframework.beans.factory.support.AbstractBeanFactory.getBean(AbstractBeanFactory.java:208)
	at org.springframework.beans.factory.support.DefaultListableBeanFactory.preInstantiateSingletons(DefaultListableBeanFactory.java:944)
	at org.springframework.context.support.AbstractApplicationContext.finishBeanFactoryInitialization(AbstractApplicationContext.java:918)
	at org.springframework.context.support.AbstractApplicationContext.refresh(AbstractApplicationContext.java:583)
	at org.springframework.boot.web.servlet.context.ServletWebServerApplicationContext.refresh(ServletWebServerApplicationContext.java:145)
	at org.springframework.boot.SpringApplication.refresh(SpringApplication.java:754)
	at org.springframework.boot.SpringApplication.refreshContext(SpringApplication.java:434)
	at org.springframework.boot.SpringApplication.run(SpringApplication.java:338)
	at org.springframework.boot.SpringApplication.run(SpringApplication.java:1343)
	at org.springframework.boot.SpringApplication.run(SpringApplication.java:1332)
	at com.cappack13.Sprint2Application.main(Sprint2Application.java:10)
	at java.base/jdk.internal.reflect.NativeMethodAccessorImpl.invoke0(Native Method)
	at java.base/jdk.internal.reflect.NativeMethodAccessorImpl.invoke(NativeMethodAccessorImpl.java:77)
	at java.base/jdk.internal.reflect.DelegatingMethodAccessorImpl.invoke(DelegatingMethodAccessorImpl.java:43)
	at java.base/java.lang.reflect.Method.invoke(Method.java:568)
	at org.springframework.boot.devtools.restart.RestartLauncher.run(RestartLauncher.java:49)
Caused by: org.springframework.beans.factory.UnsatisfiedDependencyException: Error creating bean with name 'barberDaoForAdmin': Unsatisfied dependency expressed through field 'userRepos'; nested exception is org.springframework.beans.factory.BeanCreationException: Error creating bean with name 'usersRepository' defined in com.cappack13.repository.UsersRepository defined in @EnableJpaRepositories declared on JpaRepositoriesRegistrar.EnableJpaRepositoriesConfiguration: Invocation of init method failed; nested exception is org.springframework.data.repository.query.QueryCreationException: Could not create query for public abstract java.util.List com.cappack13.repository.UsersRepository.findUser(java.lang.String)! Reason: Validation failed for query for method public abstract java.util.List com.cappack13.repository.UsersRepository.findUser(java.lang.String)!; nested exception is java.lang.IllegalArgumentException: Validation failed for query for method public abstract java.util.List com.cappack13.repository.UsersRepository.findUser(java.lang.String)!
	at org.springframework.beans.factory.annotation.AutowiredAnnotationBeanPostProcessor$AutowiredFieldElement.resolveFieldValue(AutowiredAnnotationBeanPostProcessor.java:660)
	at org.springframework.beans.factory.annotation.AutowiredAnnotationBeanPostProcessor$AutowiredFieldElement.inject(AutowiredAnnotationBeanPostProcessor.java:640)
	at org.springframework.beans.factory.annotation.InjectionMetadata.inject(InjectionMetadata.java:119)
	at org.springframework.beans.factory.annotation.AutowiredAnnotationBeanPostProcessor.postProcessProperties(AutowiredAnnotationBeanPostProcessor.java:399)
	at org.springframework.beans.factory.support.AbstractAutowireCapableBeanFactory.populateBean(AbstractAutowireCapableBeanFactory.java:1413)
	at org.springframework.beans.factory.support.AbstractAutowireCapableBeanFactory.doCreateBean(AbstractAutowireCapableBeanFactory.java:601)
	at org.springframework.beans.factory.support.AbstractAutowireCapableBeanFactory.createBean(AbstractAutowireCapableBeanFactory.java:524)
	at org.springframework.beans.factory.support.AbstractBeanFactory.lambda$doGetBean$0(AbstractBeanFactory.java:335)
	at org.springframework.beans.factory.support.DefaultSingletonBeanRegistry.getSingleton(DefaultSingletonBeanRegistry.java:234)
	at org.springframework.beans.factory.support.AbstractBeanFactory.doGetBean(AbstractBeanFactory.java:333)
	at org.springframework.beans.factory.support.AbstractBeanFactory.getBean(AbstractBeanFactory.java:208)
	at org.springframework.beans.factory.config.DependencyDescriptor.resolveCandidate(DependencyDescriptor.java:276)
	at org.springframework.beans.factory.support.DefaultListableBeanFactory.doResolveDependency(DefaultListableBeanFactory.java:1380)
	at org.springframework.beans.factory.support.DefaultListableBeanFactory.resolveDependency(DefaultListableBeanFactory.java:1300)
	at org.springframework.beans.factory.annotation.AutowiredAnnotationBeanPostProcessor$AutowiredFieldElement.resolveFieldValue(AutowiredAnnotationBeanPostProcessor.java:657)
	... 25 common frames omitted
Caused by: org.springframework.beans.factory.BeanCreationException: Error creating bean with name 'usersRepository' defined in com.cappack13.repository.UsersRepository defined in @EnableJpaRepositories declared on JpaRepositoriesRegistrar.EnableJpaRepositoriesConfiguration: Invocation of init method failed; nested exception is org.springframework.data.repository.query.QueryCreationException: Could not create query for public abstract java.util.List com.cappack13.repository.UsersRepository.findUser(java.lang.String)! Reason: Validation failed for query for method public abstract java.util.List com.cappack13.repository.UsersRepository.findUser(java.lang.String)!; nested exception is java.lang.IllegalArgumentException: Validation failed for query for method public abstract java.util.List com.cappack13.repository.UsersRepository.findUser(java.lang.String)!
	at org.springframework.beans.factory.support.AbstractAutowireCapableBeanFactory.initializeBean(AbstractAutowireCapableBeanFactory.java:1786)
	at org.springframework.beans.factory.support.AbstractAutowireCapableBeanFactory.doCreateBean(AbstractAutowireCapableBeanFactory.java:602)
	at org.springframework.beans.factory.support.AbstractAutowireCapableBeanFactory.createBean(AbstractAutowireCapableBeanFactory.java:524)
	at org.springframework.beans.factory.support.AbstractBeanFactory.lambda$doGetBean$0(AbstractBeanFactory.java:335)
	at org.springframework.beans.factory.support.DefaultSingletonBeanRegistry.getSingleton(DefaultSingletonBeanRegistry.java:234)
	at org.springframework.beans.factory.support.AbstractBeanFactory.doGetBean(AbstractBeanFactory.java:333)
	at org.springframework.beans.factory.support.AbstractBeanFactory.getBean(AbstractBeanFactory.java:208)
	at org.springframework.beans.factory.config.DependencyDescriptor.resolveCandidate(DependencyDescriptor.java:276)
	at org.springframework.beans.factory.support.DefaultListableBeanFactory.doResolveDependency(DefaultListableBeanFactory.java:1380)
	at org.springframework.beans.factory.support.DefaultListableBeanFactory.resolveDependency(DefaultListableBeanFactory.java:1300)
	at org.springframework.beans.factory.annotation.AutowiredAnnotationBeanPostProcessor$AutowiredFieldElement.resolveFieldValue(AutowiredAnnotationBeanPostProcessor.java:657)
	... 39 common frames omitted
Caused by: org.springframework.data.repository.query.QueryCreationException: Could not create query for public abstract java.util.List com.cappack13.repository.UsersRepository.findUser(java.lang.String)! Reason: Validation failed for query for method public abstract java.util.List com.cappack13.repository.UsersRepository.findUser(java.lang.String)!; nested exception is java.lang.IllegalArgumentException: Validation failed for query for method public abstract java.util.List com.cappack13.repository.UsersRepository.findUser(java.lang.String)!
	at org.springframework.data.repository.query.QueryCreationException.create(QueryCreationException.java:101)
	at org.springframework.data.repository.core.support.QueryExecutorMethodInterceptor.lookupQuery(QueryExecutorMethodInterceptor.java:106)
	at org.springframework.data.repository.core.support.QueryExecutorMethodInterceptor.lambda$mapMethodsToQuery$1(QueryExecutorMethodInterceptor.java:94)
	at java.base/java.util.stream.ReferencePipeline$3$1.accept(ReferencePipeline.java:197)
	at java.base/java.util.Iterator.forEachRemaining(Iterator.java:133)
	at java.base/java.util.Collections$UnmodifiableCollection$1.forEachRemaining(Collections.java:1061)
	at java.base/java.util.Spliterators$IteratorSpliterator.forEachRemaining(Spliterators.java:1845)
	at java.base/java.util.stream.AbstractPipeline.copyInto(AbstractPipeline.java:509)
	at java.base/java.util.stream.AbstractPipeline.wrapAndCopyInto(AbstractPipeline.java:499)
	at java.base/java.util.stream.ReduceOps$ReduceOp.evaluateSequential(ReduceOps.java:921)
	at java.base/java.util.stream.AbstractPipeline.evaluate(AbstractPipeline.java:234)
	at java.base/java.util.stream.ReferencePipeline.collect(ReferencePipeline.java:682)
	at org.springframework.data.repository.core.support.QueryExecutorMethodInterceptor.mapMethodsToQuery(QueryExecutorMethodInterceptor.java:96)
	at org.springframework.data.repository.core.support.QueryExecutorMethodInterceptor.lambda$new$0(QueryExecutorMethodInterceptor.java:86)
	at java.base/java.util.Optional.map(Optional.java:260)
	at org.springframework.data.repository.core.support.QueryExecutorMethodInterceptor.<init>(QueryExecutorMethodInterceptor.java:86)
	at org.springframework.data.repository.core.support.RepositoryFactorySupport.getRepository(RepositoryFactorySupport.java:360)
	at org.springframework.data.repository.core.support.RepositoryFactoryBeanSupport.lambda$afterPropertiesSet$5(RepositoryFactoryBeanSupport.java:323)
	at org.springframework.data.util.Lazy.getNullable(Lazy.java:230)
	at org.springframework.data.util.Lazy.get(Lazy.java:114)
	at org.springframework.data.repository.core.support.RepositoryFactoryBeanSupport.afterPropertiesSet(RepositoryFactoryBeanSupport.java:329)
	at org.springframework.data.jpa.repository.support.JpaRepositoryFactoryBean.afterPropertiesSet(JpaRepositoryFactoryBean.java:144)
	at org.springframework.beans.factory.support.AbstractAutowireCapableBeanFactory.invokeInitMethods(AbstractAutowireCapableBeanFactory.java:1845)
	at org.springframework.beans.factory.support.AbstractAutowireCapableBeanFactory.initializeBean(AbstractAutowireCapableBeanFactory.java:1782)
	... 49 common frames omitted
Caused by: java.lang.IllegalArgumentException: Validation failed for query for method public abstract java.util.List com.cappack13.repository.UsersRepository.findUser(java.lang.String)!
	at org.springframework.data.jpa.repository.query.SimpleJpaQuery.validateQuery(SimpleJpaQuery.java:93)
	at org.springframework.data.jpa.repository.query.SimpleJpaQuery.<init>(SimpleJpaQuery.java:63)
	at org.springframework.data.jpa.repository.query.JpaQueryFactory.fromMethodWithQueryString(JpaQueryFactory.java:76)
	at org.springframework.data.jpa.repository.query.JpaQueryFactory.fromQueryAnnotation(JpaQueryFactory.java:56)
	at org.springframework.data.jpa.repository.query.JpaQueryLookupStrategy$DeclaredQueryLookupStrategy.resolveQuery(JpaQueryLookupStrategy.java:146)
	at org.springframework.data.jpa.repository.query.JpaQueryLookupStrategy$CreateIfNotFoundQueryLookupStrategy.resolveQuery(JpaQueryLookupStrategy.java:216)
	at org.springframework.data.jpa.repository.query.JpaQueryLookupStrategy$AbstractQueryLookupStrategy.resolveQuery(JpaQueryLookupStrategy.java:81)
	at org.springframework.data.repository.core.support.QueryExecutorMethodInterceptor.lookupQuery(QueryExecutorMethodInterceptor.java:102)
	... 71 common frames omitted
Caused by: java.lang.IllegalArgumentException: org.hibernate.QueryException: could not resolve property: roles of: com.cappack13.model.Users [SELECT u FROM com.cappack13.model.Users u join u.roles r WHERE u.username = :username and r.roleName='USER']
	at org.hibernate.internal.ExceptionConverterImpl.convert(ExceptionConverterImpl.java:138)
	at org.hibernate.internal.ExceptionConverterImpl.convert(ExceptionConverterImpl.java:181)
	at org.hibernate.internal.ExceptionConverterImpl.convert(ExceptionConverterImpl.java:188)
	at org.hibernate.internal.AbstractSharedSessionContract.createQuery(AbstractSharedSessionContract.java:734)
	at org.hibernate.internal.AbstractSharedSessionContract.createQuery(AbstractSharedSessionContract.java:114)
	at java.base/jdk.internal.reflect.NativeMethodAccessorImpl.invoke0(Native Method)
	at java.base/jdk.internal.reflect.NativeMethodAccessorImpl.invoke(NativeMethodAccessorImpl.java:77)
	at java.base/jdk.internal.reflect.DelegatingMethodAccessorImpl.invoke(DelegatingMethodAccessorImpl.java:43)
	at java.base/java.lang.reflect.Method.invoke(Method.java:568)
	at org.springframework.orm.jpa.ExtendedEntityManagerCreator$ExtendedEntityManagerInvocationHandler.invoke(ExtendedEntityManagerCreator.java:362)
	at jdk.proxy3/jdk.proxy3.$Proxy98.createQuery(Unknown Source)
	at org.springframework.data.jpa.repository.query.SimpleJpaQuery.validateQuery(SimpleJpaQuery.java:87)
	... 78 common frames omitted
Caused by: org.hibernate.QueryException: could not resolve property: roles of: com.cappack13.model.Users [SELECT u FROM com.cappack13.model.Users u join u.roles r WHERE u.username = :username and r.roleName='USER']
	at org.hibernate.QueryException.generateQueryException(QueryException.java:120)
	at org.hibernate.QueryException.wrapWithQueryString(QueryException.java:103)
	at org.hibernate.hql.internal.ast.QueryTranslatorImpl.doCompile(QueryTranslatorImpl.java:220)
	at org.hibernate.hql.internal.ast.QueryTranslatorImpl.compile(QueryTranslatorImpl.java:144)
	at org.hibernate.engine.query.spi.HQLQueryPlan.<init>(HQLQueryPlan.java:113)
	at org.hibernate.engine.query.spi.HQLQueryPlan.<init>(HQLQueryPlan.java:73)
	at org.hibernate.engine.query.spi.QueryPlanCache.getHQLQueryPlan(QueryPlanCache.java:162)
	at org.hibernate.internal.AbstractSharedSessionContract.getQueryPlan(AbstractSharedSessionContract.java:613)
	at org.hibernate.internal.AbstractSharedSessionContract.createQuery(AbstractSharedSessionContract.java:725)
	... 86 common frames omitted
Caused by: org.hibernate.QueryException: could not resolve property: roles of: com.cappack13.model.Users
	at org.hibernate.persister.entity.AbstractPropertyMapping.propertyException(AbstractPropertyMapping.java:77)
	at org.hibernate.persister.entity.AbstractPropertyMapping.toType(AbstractPropertyMapping.java:71)
	at org.hibernate.persister.entity.AbstractEntityPersister.toType(AbstractEntityPersister.java:2039)
	at org.hibernate.hql.internal.ast.tree.FromElementType.getPropertyType(FromElementType.java:412)
	at org.hibernate.hql.internal.ast.tree.FromElement.getPropertyType(FromElement.java:520)
	at org.hibernate.hql.internal.ast.tree.DotNode.getDataType(DotNode.java:695)
	at org.hibernate.hql.internal.ast.tree.DotNode.prepareLhs(DotNode.java:269)
	at org.hibernate.hql.internal.ast.tree.DotNode.resolve(DotNode.java:209)
	at org.hibernate.hql.internal.ast.tree.FromReferenceNode.resolve(FromReferenceNode.java:114)
	at org.hibernate.hql.internal.ast.tree.FromReferenceNode.resolve(FromReferenceNode.java:109)
	at org.hibernate.hql.internal.ast.HqlSqlWalker.createFromJoinElement(HqlSqlWalker.java:410)
	at org.hibernate.hql.internal.antlr.HqlSqlBaseWalker.joinElement(HqlSqlBaseWalker.java:3990)
	at org.hibernate.hql.internal.antlr.HqlSqlBaseWalker.fromElement(HqlSqlBaseWalker.java:3776)
	at org.hibernate.hql.internal.antlr.HqlSqlBaseWalker.fromElementList(HqlSqlBaseWalker.java:3654)
	at org.hibernate.hql.internal.antlr.HqlSqlBaseWalker.fromClause(HqlSqlBaseWalker.java:737)
	at org.hibernate.hql.internal.antlr.HqlSqlBaseWalker.query(HqlSqlBaseWalker.java:593)
	at org.hibernate.hql.internal.antlr.HqlSqlBaseWalker.selectStatement(HqlSqlBaseWalker.java:330)
	at org.hibernate.hql.internal.antlr.HqlSqlBaseWalker.statement(HqlSqlBaseWalker.java:278)
	at org.hibernate.hql.internal.ast.QueryTranslatorImpl.analyze(QueryTranslatorImpl.java:276)
	at org.hibernate.hql.internal.ast.QueryTranslatorImpl.doCompile(QueryTranslatorImpl.java:192)
	... 92 common frames omitted
2022-05-09-16:06:05 - Starting Sprint2Application using Java 17.0.2 on DHARANI with PID 23508 (C:\Users\hp\OneDrive\Desktop\SpringBootApps\Sprint2\target\classes started by hp in C:\Users\hp\OneDrive\Desktop\SpringBootApps\Sprint2)
2022-05-09-16:06:05 - No active profile set, falling back to default profiles: default
2022-05-09-16:06:05 - Devtools property defaults active! Set 'spring.devtools.add-properties' to 'false' to disable
2022-05-09-16:06:05 - For additional web related logging consider setting the 'logging.level.web' property to 'DEBUG'
2022-05-09-16:06:06 - Bootstrapping Spring Data JPA repositories in DEFAULT mode.
2022-05-09-16:06:06 - Finished Spring Data repository scanning in 101 ms. Found 6 JPA repository interfaces.
2022-05-09-16:06:07 - Tomcat initialized with port(s): 8623 (http)
2022-05-09-16:06:07 - Starting service [Tomcat]
2022-05-09-16:06:07 - Starting Servlet engine: [Apache Tomcat/9.0.48]
2022-05-09-16:06:07 - At least one JAR was scanned for TLDs yet contained no TLDs. Enable debug logging for this logger for a complete list of JARs that were scanned but no TLDs were found in them. Skipping unneeded JARs during scanning can improve startup time and JSP compilation time.
2022-05-09-16:06:07 - Initializing Spring embedded WebApplicationContext
2022-05-09-16:06:07 - Root WebApplicationContext: initialization completed in 2463 ms
2022-05-09-16:06:08 - HHH000204: Processing PersistenceUnitInfo [name: default]
2022-05-09-16:06:08 - HHH000412: Hibernate ORM core version 5.4.32.Final
2022-05-09-16:06:08 - HCANN000001: Hibernate Commons Annotations {5.1.2.Final}
2022-05-09-16:06:08 - HikariPool-1 - Starting...
2022-05-09-16:06:08 - HikariPool-1 - Start completed.
2022-05-09-16:06:08 - HHH000400: Using dialect: org.hibernate.dialect.PostgreSQLDialect
2022-05-09-16:06:10 - HHH000490: Using JtaPlatform implementation: [org.hibernate.engine.transaction.jta.platform.internal.NoJtaPlatform]
2022-05-09-16:06:10 - Initialized JPA EntityManagerFactory for persistence unit 'default'
2022-05-09-16:06:10 - spring.jpa.open-in-view is enabled by default. Therefore, database queries may be performed during view rendering. Explicitly configure spring.jpa.open-in-view to disable this warning
2022-05-09-16:06:11 - LiveReload server is running on port 35729
2022-05-09-16:06:11 - Tomcat started on port(s): 8623 (http) with context path ''
2022-05-09-16:06:11 - Started Sprint2Application in 6.785 seconds (JVM running for 7.494)
2022-05-09-16:06:31 - Initializing Spring DispatcherServlet 'dispatcherServlet'
2022-05-09-16:06:31 - Initializing Servlet 'dispatcherServlet'
2022-05-09-16:06:31 - Completed initialization in 2 ms
2022-05-09-16:07:38 - Closing JPA EntityManagerFactory for persistence unit 'default'
2022-05-09-16:07:38 - HikariPool-1 - Shutdown initiated...
2022-05-09-16:07:38 - HikariPool-1 - Shutdown completed.
2022-05-09-16:07:38 - Starting Sprint2Application using Java 17.0.2 on DHARANI with PID 23508 (C:\Users\hp\OneDrive\Desktop\SpringBootApps\Sprint2\target\classes started by hp in C:\Users\hp\OneDrive\Desktop\SpringBootApps\Sprint2)
2022-05-09-16:07:38 - No active profile set, falling back to default profiles: default
2022-05-09-16:07:39 - Bootstrapping Spring Data JPA repositories in DEFAULT mode.
2022-05-09-16:07:39 - Finished Spring Data repository scanning in 69 ms. Found 6 JPA repository interfaces.
2022-05-09-16:07:39 - Tomcat initialized with port(s): 8101 (http)
2022-05-09-16:07:39 - Starting service [Tomcat]
2022-05-09-16:07:39 - Starting Servlet engine: [Apache Tomcat/9.0.48]
2022-05-09-16:07:40 - At least one JAR was scanned for TLDs yet contained no TLDs. Enable debug logging for this logger for a complete list of JARs that were scanned but no TLDs were found in them. Skipping unneeded JARs during scanning can improve startup time and JSP compilation time.
2022-05-09-16:07:40 - Initializing Spring embedded WebApplicationContext
2022-05-09-16:07:40 - Root WebApplicationContext: initialization completed in 1067 ms
2022-05-09-16:07:40 - HHH000204: Processing PersistenceUnitInfo [name: default]
2022-05-09-16:07:40 - HikariPool-2 - Starting...
2022-05-09-16:07:40 - HikariPool-2 - Start completed.
2022-05-09-16:07:40 - HHH000400: Using dialect: org.hibernate.dialect.PostgreSQLDialect
2022-05-09-16:07:40 - HHH000490: Using JtaPlatform implementation: [org.hibernate.engine.transaction.jta.platform.internal.NoJtaPlatform]
2022-05-09-16:07:40 - Initialized JPA EntityManagerFactory for persistence unit 'default'
2022-05-09-16:07:41 - spring.jpa.open-in-view is enabled by default. Therefore, database queries may be performed during view rendering. Explicitly configure spring.jpa.open-in-view to disable this warning
2022-05-09-16:07:41 - LiveReload server is running on port 35729
2022-05-09-16:07:41 - Tomcat started on port(s): 8101 (http) with context path ''
2022-05-09-16:07:41 - Started Sprint2Application in 2.551 seconds (JVM running for 97.273)
2022-05-09-16:07:41 - Condition evaluation unchanged
2022-05-09-16:07:57 - Initializing Spring DispatcherServlet 'dispatcherServlet'
2022-05-09-16:07:57 - Initializing Servlet 'dispatcherServlet'
2022-05-09-16:07:57 - Completed initialization in 1 ms
2022-05-09-16:10:57 - Starting Sprint2Application using Java 17.0.2 on DHARANI with PID 25532 (C:\Users\hp\OneDrive\Desktop\SpringBootApps\Sprint2\target\classes started by hp in C:\Users\hp\OneDrive\Desktop\SpringBootApps\Sprint2)
2022-05-09-16:10:57 - No active profile set, falling back to default profiles: default
2022-05-09-16:10:57 - Devtools property defaults active! Set 'spring.devtools.add-properties' to 'false' to disable
2022-05-09-16:10:57 - For additional web related logging consider setting the 'logging.level.web' property to 'DEBUG'
2022-05-09-16:10:58 - Bootstrapping Spring Data JPA repositories in DEFAULT mode.
2022-05-09-16:10:58 - Finished Spring Data repository scanning in 76 ms. Found 6 JPA repository interfaces.
2022-05-09-16:10:59 - Tomcat initialized with port(s): 8101 (http)
2022-05-09-16:10:59 - Starting service [Tomcat]
2022-05-09-16:10:59 - Starting Servlet engine: [Apache Tomcat/9.0.48]
2022-05-09-16:10:59 - At least one JAR was scanned for TLDs yet contained no TLDs. Enable debug logging for this logger for a complete list of JARs that were scanned but no TLDs were found in them. Skipping unneeded JARs during scanning can improve startup time and JSP compilation time.
2022-05-09-16:10:59 - Initializing Spring embedded WebApplicationContext
2022-05-09-16:10:59 - Root WebApplicationContext: initialization completed in 2136 ms
2022-05-09-16:10:59 - HHH000204: Processing PersistenceUnitInfo [name: default]
2022-05-09-16:10:59 - HHH000412: Hibernate ORM core version 5.4.32.Final
2022-05-09-16:11:00 - HCANN000001: Hibernate Commons Annotations {5.1.2.Final}
2022-05-09-16:11:00 - HikariPool-1 - Starting...
2022-05-09-16:11:00 - HikariPool-1 - Start completed.
2022-05-09-16:11:00 - HHH000400: Using dialect: org.hibernate.dialect.PostgreSQLDialect
2022-05-09-16:11:01 - HHH000490: Using JtaPlatform implementation: [org.hibernate.engine.transaction.jta.platform.internal.NoJtaPlatform]
2022-05-09-16:11:01 - Initialized JPA EntityManagerFactory for persistence unit 'default'
2022-05-09-16:11:02 - spring.jpa.open-in-view is enabled by default. Therefore, database queries may be performed during view rendering. Explicitly configure spring.jpa.open-in-view to disable this warning
2022-05-09-16:11:02 - LiveReload server is running on port 35729
2022-05-09-16:11:02 - Tomcat started on port(s): 8101 (http) with context path ''
2022-05-09-16:11:02 - Started Sprint2Application in 6.072 seconds (JVM running for 6.716)
2022-05-09-16:11:33 - Initializing Spring DispatcherServlet 'dispatcherServlet'
2022-05-09-16:11:33 - Initializing Servlet 'dispatcherServlet'
2022-05-09-16:11:33 - Completed initialization in 0 ms
2022-05-09-16:14:28 - Closing JPA EntityManagerFactory for persistence unit 'default'
2022-05-09-16:14:28 - HikariPool-1 - Shutdown initiated...
2022-05-09-16:14:28 - HikariPool-1 - Shutdown completed.
2022-05-09-16:14:28 - Starting Sprint2Application using Java 17.0.2 on DHARANI with PID 25532 (C:\Users\hp\OneDrive\Desktop\SpringBootApps\Sprint2\target\classes started by hp in C:\Users\hp\OneDrive\Desktop\SpringBootApps\Sprint2)
2022-05-09-16:14:28 - No active profile set, falling back to default profiles: default
2022-05-09-16:14:28 - Exception encountered during context initialization - cancelling refresh attempt: org.springframework.beans.factory.BeanDefinitionStoreException: Failed to read candidate component class: file [C:\Users\hp\OneDrive\Desktop\SpringBootApps\Sprint2\target\classes\com\cappack13\model\Booking.class]; nested exception is java.io.FileNotFoundException: C:\Users\hp\OneDrive\Desktop\SpringBootApps\Sprint2\target\classes\com\cappack13\model\Booking.class
2022-05-09-16:14:28 - Application run failed
org.springframework.beans.factory.BeanDefinitionStoreException: Failed to read candidate component class: file [C:\Users\hp\OneDrive\Desktop\SpringBootApps\Sprint2\target\classes\com\cappack13\model\Booking.class]; nested exception is java.io.FileNotFoundException: C:\Users\hp\OneDrive\Desktop\SpringBootApps\Sprint2\target\classes\com\cappack13\model\Booking.class
	at org.springframework.context.annotation.ClassPathScanningCandidateComponentProvider.scanCandidateComponents(ClassPathScanningCandidateComponentProvider.java:452) ~[spring-context-5.3.8.jar:5.3.8]
	at org.springframework.context.annotation.ClassPathScanningCandidateComponentProvider.findCandidateComponents(ClassPathScanningCandidateComponentProvider.java:315) ~[spring-context-5.3.8.jar:5.3.8]
	at org.springframework.context.annotation.ClassPathBeanDefinitionScanner.doScan(ClassPathBeanDefinitionScanner.java:276) ~[spring-context-5.3.8.jar:5.3.8]
	at org.springframework.context.annotation.ComponentScanAnnotationParser.parse(ComponentScanAnnotationParser.java:132) ~[spring-context-5.3.8.jar:5.3.8]
	at org.springframework.context.annotation.ConfigurationClassParser.doProcessConfigurationClass(ConfigurationClassParser.java:296) ~[spring-context-5.3.8.jar:5.3.8]
	at org.springframework.context.annotation.ConfigurationClassParser.processConfigurationClass(ConfigurationClassParser.java:250) ~[spring-context-5.3.8.jar:5.3.8]
	at org.springframework.context.annotation.ConfigurationClassParser.parse(ConfigurationClassParser.java:207) ~[spring-context-5.3.8.jar:5.3.8]
	at org.springframework.context.annotation.ConfigurationClassParser.parse(ConfigurationClassParser.java:175) ~[spring-context-5.3.8.jar:5.3.8]
	at org.springframework.context.annotation.ConfigurationClassPostProcessor.processConfigBeanDefinitions(ConfigurationClassPostProcessor.java:331) ~[spring-context-5.3.8.jar:5.3.8]
	at org.springframework.context.annotation.ConfigurationClassPostProcessor.postProcessBeanDefinitionRegistry(ConfigurationClassPostProcessor.java:247) ~[spring-context-5.3.8.jar:5.3.8]
	at org.springframework.context.support.PostProcessorRegistrationDelegate.invokeBeanDefinitionRegistryPostProcessors(PostProcessorRegistrationDelegate.java:311) ~[spring-context-5.3.8.jar:5.3.8]
	at org.springframework.context.support.PostProcessorRegistrationDelegate.invokeBeanFactoryPostProcessors(PostProcessorRegistrationDelegate.java:112) ~[spring-context-5.3.8.jar:5.3.8]
	at org.springframework.context.support.AbstractApplicationContext.invokeBeanFactoryPostProcessors(AbstractApplicationContext.java:746) ~[spring-context-5.3.8.jar:5.3.8]
	at org.springframework.context.support.AbstractApplicationContext.refresh(AbstractApplicationContext.java:564) ~[spring-context-5.3.8.jar:5.3.8]
	at org.springframework.boot.web.servlet.context.ServletWebServerApplicationContext.refresh(ServletWebServerApplicationContext.java:145) ~[spring-boot-2.5.2.jar:2.5.2]
	at org.springframework.boot.SpringApplication.refresh(SpringApplication.java:754) ~[spring-boot-2.5.2.jar:2.5.2]
	at org.springframework.boot.SpringApplication.refreshContext(SpringApplication.java:434) ~[spring-boot-2.5.2.jar:2.5.2]
	at org.springframework.boot.SpringApplication.run(SpringApplication.java:338) ~[spring-boot-2.5.2.jar:2.5.2]
	at org.springframework.boot.SpringApplication.run(SpringApplication.java:1343) ~[spring-boot-2.5.2.jar:2.5.2]
	at org.springframework.boot.SpringApplication.run(SpringApplication.java:1332) ~[spring-boot-2.5.2.jar:2.5.2]
	at com.cappack13.Sprint2Application.main(Sprint2Application.java:10) ~[classes/:na]
	at java.base/jdk.internal.reflect.NativeMethodAccessorImpl.invoke0(Native Method) ~[na:na]
	at java.base/jdk.internal.reflect.NativeMethodAccessorImpl.invoke(NativeMethodAccessorImpl.java:77) ~[na:na]
	at java.base/jdk.internal.reflect.DelegatingMethodAccessorImpl.invoke(DelegatingMethodAccessorImpl.java:43) ~[na:na]
	at java.base/java.lang.reflect.Method.invoke(Method.java:568) ~[na:na]
	at org.springframework.boot.devtools.restart.RestartLauncher.run(RestartLauncher.java:49) ~[spring-boot-devtools-2.5.2.jar:2.5.2]
Caused by: java.io.FileNotFoundException: C:\Users\hp\OneDrive\Desktop\SpringBootApps\Sprint2\target\classes\com\cappack13\model\Booking.class
	at org.springframework.core.io.FileSystemResource.getInputStream(FileSystemResource.java:189) ~[spring-core-5.3.8.jar:5.3.8]
	at org.springframework.core.type.classreading.SimpleMetadataReader.getClassReader(SimpleMetadataReader.java:55) ~[spring-core-5.3.8.jar:5.3.8]
	at org.springframework.core.type.classreading.SimpleMetadataReader.<init>(SimpleMetadataReader.java:49) ~[spring-core-5.3.8.jar:5.3.8]
	at org.springframework.core.type.classreading.SimpleMetadataReaderFactory.getMetadataReader(SimpleMetadataReaderFactory.java:103) ~[spring-core-5.3.8.jar:5.3.8]
	at org.springframework.core.type.classreading.CachingMetadataReaderFactory.getMetadataReader(CachingMetadataReaderFactory.java:123) ~[spring-core-5.3.8.jar:5.3.8]
	at org.springframework.context.annotation.ClassPathScanningCandidateComponentProvider.scanCandidateComponents(ClassPathScanningCandidateComponentProvider.java:429) ~[spring-context-5.3.8.jar:5.3.8]
	... 25 common frames omitted
2022-05-09-16:14:30 - Starting Sprint2Application using Java 17.0.2 on DHARANI with PID 25532 (C:\Users\hp\OneDrive\Desktop\SpringBootApps\Sprint2\target\classes started by hp in C:\Users\hp\OneDrive\Desktop\SpringBootApps\Sprint2)
2022-05-09-16:14:30 - No active profile set, falling back to default profiles: default
2022-05-09-16:14:30 - Bootstrapping Spring Data JPA repositories in DEFAULT mode.
2022-05-09-16:14:31 - Finished Spring Data repository scanning in 79 ms. Found 6 JPA repository interfaces.
2022-05-09-16:14:31 - Tomcat initialized with port(s): 8101 (http)
2022-05-09-16:14:31 - Starting service [Tomcat]
2022-05-09-16:14:31 - Starting Servlet engine: [Apache Tomcat/9.0.48]
2022-05-09-16:14:31 - At least one JAR was scanned for TLDs yet contained no TLDs. Enable debug logging for this logger for a complete list of JARs that were scanned but no TLDs were found in them. Skipping unneeded JARs during scanning can improve startup time and JSP compilation time.
2022-05-09-16:14:31 - Initializing Spring embedded WebApplicationContext
2022-05-09-16:14:31 - Root WebApplicationContext: initialization completed in 955 ms
2022-05-09-16:14:31 - HHH000204: Processing PersistenceUnitInfo [name: default]
2022-05-09-16:14:31 - HikariPool-2 - Starting...
2022-05-09-16:14:31 - HikariPool-2 - Start completed.
2022-05-09-16:14:31 - HHH000400: Using dialect: org.hibernate.dialect.PostgreSQLDialect
2022-05-09-16:14:32 - HHH000490: Using JtaPlatform implementation: [org.hibernate.engine.transaction.jta.platform.internal.NoJtaPlatform]
2022-05-09-16:14:32 - Initialized JPA EntityManagerFactory for persistence unit 'default'
2022-05-09-16:14:32 - spring.jpa.open-in-view is enabled by default. Therefore, database queries may be performed during view rendering. Explicitly configure spring.jpa.open-in-view to disable this warning
2022-05-09-16:14:33 - LiveReload server is running on port 35729
2022-05-09-16:14:33 - Tomcat started on port(s): 8101 (http) with context path ''
2022-05-09-16:14:33 - Started Sprint2Application in 2.411 seconds (JVM running for 216.866)
2022-05-09-16:14:33 - Condition evaluation unchanged
2022-05-09-16:14:54 - Closing JPA EntityManagerFactory for persistence unit 'default'
2022-05-09-16:14:54 - HikariPool-2 - Shutdown initiated...
2022-05-09-16:14:54 - HikariPool-2 - Shutdown completed.
2022-05-09-16:14:54 - Starting Sprint2Application using Java 17.0.2 on DHARANI with PID 25532 (C:\Users\hp\OneDrive\Desktop\SpringBootApps\Sprint2\target\classes started by hp in C:\Users\hp\OneDrive\Desktop\SpringBootApps\Sprint2)
2022-05-09-16:14:54 - No active profile set, falling back to default profiles: default
2022-05-09-16:14:54 - Exception encountered during context initialization - cancelling refresh attempt: org.springframework.beans.factory.BeanDefinitionStoreException: Failed to read candidate component class: file [C:\Users\hp\OneDrive\Desktop\SpringBootApps\Sprint2\target\classes\com\cappack13\repository\ServiceRepository.class]; nested exception is java.nio.file.AccessDeniedException: C:\Users\hp\OneDrive\Desktop\SpringBootApps\Sprint2\target\classes\com\cappack13\repository\ServiceRepository.class
2022-05-09-16:14:54 - Application run failed
org.springframework.beans.factory.BeanDefinitionStoreException: Failed to read candidate component class: file [C:\Users\hp\OneDrive\Desktop\SpringBootApps\Sprint2\target\classes\com\cappack13\repository\ServiceRepository.class]; nested exception is java.nio.file.AccessDeniedException: C:\Users\hp\OneDrive\Desktop\SpringBootApps\Sprint2\target\classes\com\cappack13\repository\ServiceRepository.class
	at org.springframework.context.annotation.ClassPathScanningCandidateComponentProvider.scanCandidateComponents(ClassPathScanningCandidateComponentProvider.java:452) ~[spring-context-5.3.8.jar:5.3.8]
	at org.springframework.context.annotation.ClassPathScanningCandidateComponentProvider.findCandidateComponents(ClassPathScanningCandidateComponentProvider.java:315) ~[spring-context-5.3.8.jar:5.3.8]
	at org.springframework.context.annotation.ClassPathBeanDefinitionScanner.doScan(ClassPathBeanDefinitionScanner.java:276) ~[spring-context-5.3.8.jar:5.3.8]
	at org.springframework.context.annotation.ComponentScanAnnotationParser.parse(ComponentScanAnnotationParser.java:132) ~[spring-context-5.3.8.jar:5.3.8]
	at org.springframework.context.annotation.ConfigurationClassParser.doProcessConfigurationClass(ConfigurationClassParser.java:296) ~[spring-context-5.3.8.jar:5.3.8]
	at org.springframework.context.annotation.ConfigurationClassParser.processConfigurationClass(ConfigurationClassParser.java:250) ~[spring-context-5.3.8.jar:5.3.8]
	at org.springframework.context.annotation.ConfigurationClassParser.parse(ConfigurationClassParser.java:207) ~[spring-context-5.3.8.jar:5.3.8]
	at org.springframework.context.annotation.ConfigurationClassParser.parse(ConfigurationClassParser.java:175) ~[spring-context-5.3.8.jar:5.3.8]
	at org.springframework.context.annotation.ConfigurationClassPostProcessor.processConfigBeanDefinitions(ConfigurationClassPostProcessor.java:331) ~[spring-context-5.3.8.jar:5.3.8]
	at org.springframework.context.annotation.ConfigurationClassPostProcessor.postProcessBeanDefinitionRegistry(ConfigurationClassPostProcessor.java:247) ~[spring-context-5.3.8.jar:5.3.8]
	at org.springframework.context.support.PostProcessorRegistrationDelegate.invokeBeanDefinitionRegistryPostProcessors(PostProcessorRegistrationDelegate.java:311) ~[spring-context-5.3.8.jar:5.3.8]
	at org.springframework.context.support.PostProcessorRegistrationDelegate.invokeBeanFactoryPostProcessors(PostProcessorRegistrationDelegate.java:112) ~[spring-context-5.3.8.jar:5.3.8]
	at org.springframework.context.support.AbstractApplicationContext.invokeBeanFactoryPostProcessors(AbstractApplicationContext.java:746) ~[spring-context-5.3.8.jar:5.3.8]
	at org.springframework.context.support.AbstractApplicationContext.refresh(AbstractApplicationContext.java:564) ~[spring-context-5.3.8.jar:5.3.8]
	at org.springframework.boot.web.servlet.context.ServletWebServerApplicationContext.refresh(ServletWebServerApplicationContext.java:145) ~[spring-boot-2.5.2.jar:2.5.2]
	at org.springframework.boot.SpringApplication.refresh(SpringApplication.java:754) ~[spring-boot-2.5.2.jar:2.5.2]
	at org.springframework.boot.SpringApplication.refreshContext(SpringApplication.java:434) ~[spring-boot-2.5.2.jar:2.5.2]
	at org.springframework.boot.SpringApplication.run(SpringApplication.java:338) ~[spring-boot-2.5.2.jar:2.5.2]
	at org.springframework.boot.SpringApplication.run(SpringApplication.java:1343) ~[spring-boot-2.5.2.jar:2.5.2]
	at org.springframework.boot.SpringApplication.run(SpringApplication.java:1332) ~[spring-boot-2.5.2.jar:2.5.2]
	at com.cappack13.Sprint2Application.main(Sprint2Application.java:10) ~[classes/:na]
	at java.base/jdk.internal.reflect.NativeMethodAccessorImpl.invoke0(Native Method) ~[na:na]
	at java.base/jdk.internal.reflect.NativeMethodAccessorImpl.invoke(NativeMethodAccessorImpl.java:77) ~[na:na]
	at java.base/jdk.internal.reflect.DelegatingMethodAccessorImpl.invoke(DelegatingMethodAccessorImpl.java:43) ~[na:na]
	at java.base/java.lang.reflect.Method.invoke(Method.java:568) ~[na:na]
	at org.springframework.boot.devtools.restart.RestartLauncher.run(RestartLauncher.java:49) ~[spring-boot-devtools-2.5.2.jar:2.5.2]
Caused by: java.nio.file.AccessDeniedException: C:\Users\hp\OneDrive\Desktop\SpringBootApps\Sprint2\target\classes\com\cappack13\repository\ServiceRepository.class
	at java.base/sun.nio.fs.WindowsException.translateToIOException(WindowsException.java:89) ~[na:na]
	at java.base/sun.nio.fs.WindowsException.rethrowAsIOException(WindowsException.java:103) ~[na:na]
	at java.base/sun.nio.fs.WindowsException.rethrowAsIOException(WindowsException.java:108) ~[na:na]
	at java.base/sun.nio.fs.WindowsFileSystemProvider.newByteChannel(WindowsFileSystemProvider.java:236) ~[na:na]
	at java.base/java.nio.file.Files.newByteChannel(Files.java:380) ~[na:na]
	at java.base/java.nio.file.Files.newByteChannel(Files.java:432) ~[na:na]
	at java.base/java.nio.file.spi.FileSystemProvider.newInputStream(FileSystemProvider.java:422) ~[na:na]
	at java.base/java.nio.file.Files.newInputStream(Files.java:160) ~[na:na]
	at org.springframework.core.io.FileSystemResource.getInputStream(FileSystemResource.java:186) ~[spring-core-5.3.8.jar:5.3.8]
	at org.springframework.core.type.classreading.SimpleMetadataReader.getClassReader(SimpleMetadataReader.java:55) ~[spring-core-5.3.8.jar:5.3.8]
	at org.springframework.core.type.classreading.SimpleMetadataReader.<init>(SimpleMetadataReader.java:49) ~[spring-core-5.3.8.jar:5.3.8]
	at org.springframework.core.type.classreading.SimpleMetadataReaderFactory.getMetadataReader(SimpleMetadataReaderFactory.java:103) ~[spring-core-5.3.8.jar:5.3.8]
	at org.springframework.core.type.classreading.CachingMetadataReaderFactory.getMetadataReader(CachingMetadataReaderFactory.java:123) ~[spring-core-5.3.8.jar:5.3.8]
	at org.springframework.context.annotation.ClassPathScanningCandidateComponentProvider.scanCandidateComponents(ClassPathScanningCandidateComponentProvider.java:429) ~[spring-context-5.3.8.jar:5.3.8]
	... 25 common frames omitted
2022-05-09-16:14:55 - Starting Sprint2Application using Java 17.0.2 on DHARANI with PID 25532 (C:\Users\hp\OneDrive\Desktop\SpringBootApps\Sprint2\target\classes started by hp in C:\Users\hp\OneDrive\Desktop\SpringBootApps\Sprint2)
2022-05-09-16:14:55 - No active profile set, falling back to default profiles: default
2022-05-09-16:14:56 - Bootstrapping Spring Data JPA repositories in DEFAULT mode.
2022-05-09-16:14:56 - Finished Spring Data repository scanning in 38 ms. Found 6 JPA repository interfaces.
2022-05-09-16:14:56 - Tomcat initialized with port(s): 8101 (http)
2022-05-09-16:14:56 - Starting service [Tomcat]
2022-05-09-16:14:56 - Starting Servlet engine: [Apache Tomcat/9.0.48]
2022-05-09-16:14:56 - At least one JAR was scanned for TLDs yet contained no TLDs. Enable debug logging for this logger for a complete list of JARs that were scanned but no TLDs were found in them. Skipping unneeded JARs during scanning can improve startup time and JSP compilation time.
2022-05-09-16:14:56 - Initializing Spring embedded WebApplicationContext
2022-05-09-16:14:56 - Root WebApplicationContext: initialization completed in 477 ms
2022-05-09-16:14:56 - HHH000204: Processing PersistenceUnitInfo [name: default]
2022-05-09-16:14:56 - HikariPool-3 - Starting...
2022-05-09-16:14:56 - HikariPool-3 - Start completed.
2022-05-09-16:14:56 - HHH000400: Using dialect: org.hibernate.dialect.PostgreSQLDialect
2022-05-09-16:14:56 - HHH000490: Using JtaPlatform implementation: [org.hibernate.engine.transaction.jta.platform.internal.NoJtaPlatform]
2022-05-09-16:14:56 - Initialized JPA EntityManagerFactory for persistence unit 'default'
2022-05-09-16:14:56 - spring.jpa.open-in-view is enabled by default. Therefore, database queries may be performed during view rendering. Explicitly configure spring.jpa.open-in-view to disable this warning
2022-05-09-16:14:57 - LiveReload server is running on port 35729
2022-05-09-16:14:57 - Tomcat started on port(s): 8101 (http) with context path ''
2022-05-09-16:14:57 - Started Sprint2Application in 1.273 seconds (JVM running for 240.867)
2022-05-09-16:14:57 - Condition evaluation unchanged
2022-05-09-16:15:23 - Initializing Spring DispatcherServlet 'dispatcherServlet'
2022-05-09-16:15:23 - Initializing Servlet 'dispatcherServlet'
2022-05-09-16:15:23 - Completed initialization in 2 ms
2022-05-09-16:22:13 - Starting Sprint2Application using Java 17.0.2 on DHARANI with PID 2556 (C:\Users\hp\OneDrive\Desktop\SpringBootApps\Sprint2\target\classes started by hp in C:\Users\hp\OneDrive\Desktop\SpringBootApps\Sprint2)
2022-05-09-16:22:13 - No active profile set, falling back to default profiles: default
2022-05-09-16:22:13 - Devtools property defaults active! Set 'spring.devtools.add-properties' to 'false' to disable
2022-05-09-16:22:13 - For additional web related logging consider setting the 'logging.level.web' property to 'DEBUG'
2022-05-09-16:22:16 - Bootstrapping Spring Data JPA repositories in DEFAULT mode.
2022-05-09-16:22:16 - Finished Spring Data repository scanning in 267 ms. Found 6 JPA repository interfaces.
2022-05-09-16:22:19 - Tomcat initialized with port(s): 8101 (http)
2022-05-09-16:22:19 - Starting service [Tomcat]
2022-05-09-16:22:19 - Starting Servlet engine: [Apache Tomcat/9.0.48]
2022-05-09-16:22:20 - At least one JAR was scanned for TLDs yet contained no TLDs. Enable debug logging for this logger for a complete list of JARs that were scanned but no TLDs were found in them. Skipping unneeded JARs during scanning can improve startup time and JSP compilation time.
2022-05-09-16:22:20 - Initializing Spring embedded WebApplicationContext
2022-05-09-16:22:20 - Root WebApplicationContext: initialization completed in 6287 ms
2022-05-09-16:22:20 - HHH000204: Processing PersistenceUnitInfo [name: default]
2022-05-09-16:22:20 - HHH000412: Hibernate ORM core version 5.4.32.Final
2022-05-09-16:22:20 - HCANN000001: Hibernate Commons Annotations {5.1.2.Final}
2022-05-09-16:22:21 - HikariPool-1 - Starting...
2022-05-09-16:22:21 - HikariPool-1 - Start completed.
2022-05-09-16:22:21 - HHH000400: Using dialect: org.hibernate.dialect.PostgreSQLDialect
2022-05-09-16:22:22 - HHH000490: Using JtaPlatform implementation: [org.hibernate.engine.transaction.jta.platform.internal.NoJtaPlatform]
2022-05-09-16:22:22 - Initialized JPA EntityManagerFactory for persistence unit 'default'
2022-05-09-16:22:24 - spring.jpa.open-in-view is enabled by default. Therefore, database queries may be performed during view rendering. Explicitly configure spring.jpa.open-in-view to disable this warning
2022-05-09-16:22:24 - LiveReload server is running on port 35729
2022-05-09-16:22:25 - Tomcat started on port(s): 8101 (http) with context path ''
2022-05-09-16:22:25 - Started Sprint2Application in 12.646 seconds (JVM running for 14.314)
2022-05-09-16:22:46 - Initializing Spring DispatcherServlet 'dispatcherServlet'
2022-05-09-16:22:46 - Initializing Servlet 'dispatcherServlet'
2022-05-09-16:22:46 - Completed initialization in 1 ms
2022-05-09-16:24:53 - Closing JPA EntityManagerFactory for persistence unit 'default'
2022-05-09-16:24:53 - HikariPool-1 - Shutdown initiated...
2022-05-09-16:24:53 - HikariPool-1 - Shutdown completed.
2022-05-09-16:24:53 - Starting Sprint2Application using Java 17.0.2 on DHARANI with PID 2556 (C:\Users\hp\OneDrive\Desktop\SpringBootApps\Sprint2\target\classes started by hp in C:\Users\hp\OneDrive\Desktop\SpringBootApps\Sprint2)
2022-05-09-16:24:53 - No active profile set, falling back to default profiles: default
2022-05-09-16:24:54 - Bootstrapping Spring Data JPA repositories in DEFAULT mode.
2022-05-09-16:24:54 - Finished Spring Data repository scanning in 66 ms. Found 6 JPA repository interfaces.
2022-05-09-16:24:54 - Tomcat initialized with port(s): 8101 (http)
2022-05-09-16:24:54 - Starting service [Tomcat]
2022-05-09-16:24:54 - Starting Servlet engine: [Apache Tomcat/9.0.48]
2022-05-09-16:24:55 - At least one JAR was scanned for TLDs yet contained no TLDs. Enable debug logging for this logger for a complete list of JARs that were scanned but no TLDs were found in them. Skipping unneeded JARs during scanning can improve startup time and JSP compilation time.
2022-05-09-16:24:55 - Initializing Spring embedded WebApplicationContext
2022-05-09-16:24:55 - Root WebApplicationContext: initialization completed in 1134 ms
2022-05-09-16:24:55 - HHH000204: Processing PersistenceUnitInfo [name: default]
2022-05-09-16:24:55 - HikariPool-2 - Starting...
2022-05-09-16:24:55 - HikariPool-2 - Start completed.
2022-05-09-16:24:55 - HHH000400: Using dialect: org.hibernate.dialect.PostgreSQLDialect
2022-05-09-16:24:55 - HHH000490: Using JtaPlatform implementation: [org.hibernate.engine.transaction.jta.platform.internal.NoJtaPlatform]
2022-05-09-16:24:55 - Initialized JPA EntityManagerFactory for persistence unit 'default'
2022-05-09-16:24:56 - spring.jpa.open-in-view is enabled by default. Therefore, database queries may be performed during view rendering. Explicitly configure spring.jpa.open-in-view to disable this warning
2022-05-09-16:24:56 - LiveReload server is running on port 35729
2022-05-09-16:24:56 - Tomcat started on port(s): 8101 (http) with context path ''
2022-05-09-16:24:56 - Started Sprint2Application in 2.704 seconds (JVM running for 165.767)
2022-05-09-16:24:56 - Condition evaluation unchanged
2022-05-09-16:26:28 - Starting Sprint2Application using Java 17.0.2 on DHARANI with PID 24896 (C:\Users\hp\OneDrive\Desktop\SpringBootApps\Sprint2\target\classes started by hp in C:\Users\hp\OneDrive\Desktop\SpringBootApps\Sprint2)
2022-05-09-16:26:28 - No active profile set, falling back to default profiles: default
2022-05-09-16:26:28 - Devtools property defaults active! Set 'spring.devtools.add-properties' to 'false' to disable
2022-05-09-16:26:28 - For additional web related logging consider setting the 'logging.level.web' property to 'DEBUG'
2022-05-09-16:26:29 - Bootstrapping Spring Data JPA repositories in DEFAULT mode.
2022-05-09-16:26:29 - Finished Spring Data repository scanning in 111 ms. Found 6 JPA repository interfaces.
2022-05-09-16:26:30 - Tomcat initialized with port(s): 7524 (http)
2022-05-09-16:26:30 - Starting service [Tomcat]
2022-05-09-16:26:30 - Starting Servlet engine: [Apache Tomcat/9.0.48]
2022-05-09-16:26:30 - At least one JAR was scanned for TLDs yet contained no TLDs. Enable debug logging for this logger for a complete list of JARs that were scanned but no TLDs were found in them. Skipping unneeded JARs during scanning can improve startup time and JSP compilation time.
2022-05-09-16:26:30 - Initializing Spring embedded WebApplicationContext
2022-05-09-16:26:30 - Root WebApplicationContext: initialization completed in 2310 ms
2022-05-09-16:26:31 - HHH000204: Processing PersistenceUnitInfo [name: default]
2022-05-09-16:26:31 - HHH000412: Hibernate ORM core version 5.4.32.Final
2022-05-09-16:26:31 - HCANN000001: Hibernate Commons Annotations {5.1.2.Final}
2022-05-09-16:26:31 - HikariPool-1 - Starting...
2022-05-09-16:26:31 - HikariPool-1 - Start completed.
2022-05-09-16:26:31 - HHH000400: Using dialect: org.hibernate.dialect.PostgreSQLDialect
2022-05-09-16:26:33 - HHH000490: Using JtaPlatform implementation: [org.hibernate.engine.transaction.jta.platform.internal.NoJtaPlatform]
2022-05-09-16:26:33 - Initialized JPA EntityManagerFactory for persistence unit 'default'
2022-05-09-16:26:34 - spring.jpa.open-in-view is enabled by default. Therefore, database queries may be performed during view rendering. Explicitly configure spring.jpa.open-in-view to disable this warning
2022-05-09-16:26:34 - Unable to start LiveReload server
2022-05-09-16:26:34 - Tomcat started on port(s): 7524 (http) with context path ''
2022-05-09-16:26:35 - Started Sprint2Application in 7.014 seconds (JVM running for 8.025)
2022-05-09-16:27:07 - Initializing Spring DispatcherServlet 'dispatcherServlet'
2022-05-09-16:27:07 - Initializing Servlet 'dispatcherServlet'
2022-05-09-16:27:07 - Completed initialization in 3 ms
2022-05-09-16:53:04 - Starting Sprint2Application using Java 17.0.2 on DHARANI with PID 21168 (C:\Users\hp\OneDrive\Desktop\SpringBootApps\Sprint2\target\classes started by hp in C:\Users\hp\OneDrive\Desktop\SpringBootApps\Sprint2)
2022-05-09-16:53:04 - No active profile set, falling back to default profiles: default
2022-05-09-16:53:05 - Devtools property defaults active! Set 'spring.devtools.add-properties' to 'false' to disable
2022-05-09-16:53:05 - For additional web related logging consider setting the 'logging.level.web' property to 'DEBUG'
2022-05-09-16:53:06 - Bootstrapping Spring Data JPA repositories in DEFAULT mode.
2022-05-09-16:53:06 - Finished Spring Data repository scanning in 133 ms. Found 6 JPA repository interfaces.
2022-05-09-16:53:09 - Tomcat initialized with port(s): 7524 (http)
2022-05-09-16:53:09 - Starting service [Tomcat]
2022-05-09-16:53:09 - Starting Servlet engine: [Apache Tomcat/9.0.48]
2022-05-09-16:53:10 - At least one JAR was scanned for TLDs yet contained no TLDs. Enable debug logging for this logger for a complete list of JARs that were scanned but no TLDs were found in them. Skipping unneeded JARs during scanning can improve startup time and JSP compilation time.
2022-05-09-16:53:10 - Initializing Spring embedded WebApplicationContext
2022-05-09-16:53:10 - Root WebApplicationContext: initialization completed in 5289 ms
2022-05-09-16:53:10 - HHH000204: Processing PersistenceUnitInfo [name: default]
2022-05-09-16:53:10 - HHH000412: Hibernate ORM core version 5.4.32.Final
2022-05-09-16:53:11 - HCANN000001: Hibernate Commons Annotations {5.1.2.Final}
2022-05-09-16:53:11 - HikariPool-1 - Starting...
2022-05-09-16:53:11 - HikariPool-1 - Start completed.
2022-05-09-16:53:11 - HHH000400: Using dialect: org.hibernate.dialect.PostgreSQLDialect
2022-05-09-16:53:13 - HHH000490: Using JtaPlatform implementation: [org.hibernate.engine.transaction.jta.platform.internal.NoJtaPlatform]
2022-05-09-16:53:13 - Initialized JPA EntityManagerFactory for persistence unit 'default'
2022-05-09-16:53:14 - spring.jpa.open-in-view is enabled by default. Therefore, database queries may be performed during view rendering. Explicitly configure spring.jpa.open-in-view to disable this warning
2022-05-09-16:53:15 - LiveReload server is running on port 35729
2022-05-09-16:53:15 - Tomcat started on port(s): 7524 (http) with context path ''
2022-05-09-16:53:15 - Started Sprint2Application in 11.12 seconds (JVM running for 12.224)
2022-05-09-16:53:28 - Initializing Spring DispatcherServlet 'dispatcherServlet'
2022-05-09-16:53:28 - Initializing Servlet 'dispatcherServlet'
2022-05-09-16:53:28 - Completed initialization in 3 ms
